//Replicated error//
rpi4-guest@raspberrypi:~/Documents/renz_no_OS_ADT7420/no-OS/projects/adt7420-pmdz $ ./build/adt7420-pmdz.out
NOTICE: Start linux main
NOTICE: Start example_main
NOTICE: ==== BEFORE INIT ====
NOTICE: Start adt7420_init
NOTICE: Call no_os_i2c_init
NOTICE:   init_param.interface_init.i2c_init.device_id = 1
NOTICE:   init_param.interface_init.i2c_init.max_speed_hz = 100000
NOTICE:   init_param.interface_init.i2c_init.slave_address = 72
NOTICE: Start no_os_i2c_init
NOTICE: Value of param->platform_ops is 2132475280
linux_i2c_init: Open /dev/i2c-1
linux_i2c_init: descriptor->slave_address 72
NOTICE: End no_os_i2c_init
NOTICE: no_os_i2c_init status is 0
NOTICE: Start adt7420_reset
NOTICE: Start no_os_i2c_write
0x2F 
NOTICE: write 0x2F
linux_i2c_write: ioctl I2C_SLAVE 1795
linux_i2c_write: ioctl desc->slave_address 72
linux_i2c_write: write bytes_number 1
linux_i2c_write: write data 0x2F
linux_i2c_write: ret 1
linux_i2c_write: Data write 0x2F
NOTICE: End no_os_i2c_write; ret = 0
NOTICE: End adt7420_reset
NOTICE: Start adt7420_reg_read
NOTICE: Start adt7420_i2c_reg_read 0xB
NOTICE: ret of no_os_field_get 0
NOTICE: Start no_os_i2c_write
0x0B 
NOTICE: write 0xB
linux_i2c_write: ioctl I2C_SLAVE 1795
linux_i2c_write: ioctl desc->slave_address 72
linux_i2c_write: write bytes_number 1
linux_i2c_write: write data 0xB
linux_i2c_write: ret 1
linux_i2c_write: Data write 0xB
NOTICE: End no_os_i2c_write; ret = 0
NOTICE: Start no_os_i2c_read
NOTICE: no_os_i2c_read data = 0
linux_i2c_read: ioctl I2C_SLAVE 1795
linux_i2c_read: ioctl desc->slave_address 72
linux_i2c_read: read bytes_number 1
linux_i2c_read: Data Read 0
Return: Success
linux_i2c_read: ret 1
linux_i2c_read: Data Read 0
NOTICE: End no_os_i2c_read; ret = 0; data = 0
0x00 
NOTICE: Read data: 0x00 0x00
NOTICE: End adt7420_i2c_reg_read
NOTICE: status = 0
NOTICE: device_connected_check = 0
NOTICE: End Start adt7420_init; return values= -1
NOTICE: ret of adt7420_init is -1 
Error!